<?xml version="1.0" encoding="UTF-8"?>
<testsuite name="org.shivacorp.service.impl.ShivacorpServiceImplTest" tests="5" skipped="0" failures="0" errors="0" timestamp="2021-04-30T14:40:56" hostname="IAMYOURUNDEROOS" time="0.814">
  <properties/>
  <testcase name="transferNSF()" classname="org.shivacorp.service.impl.ShivacorpServiceImplTest" time="0.362"/>
  <testcase name="loginAdminBadPassword()" classname="org.shivacorp.service.impl.ShivacorpServiceImplTest" time="0.128"/>
  <testcase name="loginAdminSuccess()" classname="org.shivacorp.service.impl.ShivacorpServiceImplTest" time="0.076"/>
  <testcase name="loginBadUsername()" classname="org.shivacorp.service.impl.ShivacorpServiceImplTest" time="0.149"/>
  <testcase name="withdrawNSF()" classname="org.shivacorp.service.impl.ShivacorpServiceImplTest" time="0.094"/>
  <system-out><![CDATA[]]></system-out>
  <system-err><![CDATA[]]></system-err>
</testsuite>
